<?xml version="1.0" encoding="UTF-8"?>
<!-- Generated by org.testng.reporters.JUnitXMLReporter -->
<testsuite ignored="0" hostname="Dinesh" failures="1" tests="4" name="Test" time="48.804" errors="0" timestamp="2021-03-04T10:08:33 IST">
  <testcase classname="io.cucumber.testng.AbstractTestNGCucumberTests" name="runScenario" time="42.701"/>
  <testcase classname="io.cucumber.testng.AbstractTestNGCucumberTests" name="runScenario" time="42.814">
    <failure type="org.junit.ComparisonFailure" message="expected:&amp;lt;Sign i[n] - Google Accounts&amp;gt; but was:&amp;lt;Sign i[0] - Google Accounts&amp;gt;">
      <![CDATA[org.junit.ComparisonFailure: expected:<Sign i[n] - Google Accounts> but was:<Sign i[0] - Google Accounts>
at org.junit.Assert.assertEquals(Assert.java:117)
at org.junit.Assert.assertEquals(Assert.java:146)
at parallel.LoginandLogout_2StepDefs.the_user_validates_the_title_of_the_page(LoginandLogout_2StepDefs.java:54)
at ✽.the user validates the Title of the page in(file:///C:/Users/Dines/EcliWrkSp/New/Practice4Automation_Cucumber/src/test/resources/parallel/SearchingTheTest2.feature:14)
]]>
    </failure>
  </testcase> <!-- runScenario -->
  <testcase classname="io.cucumber.testng.AbstractTestNGCucumberTests" name="runScenario" time="43.697"/>
  <testcase classname="io.cucumber.testng.AbstractTestNGCucumberTests" name="runScenario" time="44.557"/>
</testsuite> <!-- Test -->
