-------------------------------------------------------------------------------
Test set: Search Feature #2
-------------------------------------------------------------------------------
Tests run: 2, Failures: 1, Errors: 0, Skipped: 0, Time elapsed: 57.278 s <<< FAILURE! - in Search Feature #2
Get the signin page title(Search Feature #2)  Time elapsed: 31.714 s  <<< FAILURE!
org.junit.ComparisonFailure: expected:<Sign i[n] - Google Accounts> but was:<Sign i[0] - Google Accounts>

