<?xml version="1.0" encoding="UTF-8"?>
<testsuite xmlns:xsi="http://www.w3.org/2001/XMLSchema-instance" xsi:noNamespaceSchemaLocation="https://maven.apache.org/surefire/maven-surefire-plugin/xsd/surefire-test-report.xsd" name="Search Feature #2" time="57.278" tests="2" errors="0" skipped="0" failures="1">
  <properties>
[...]
</properties>
  <testcase name="Search for the Word" classname="Search Feature #2" time="25.563"/>
  <testcase name="Get the signin page title" classname="Search Feature #2" time="31.714">
    <failure message="expected:&lt;Sign i[n] - Google Accounts&gt; but was:&lt;Sign i[0] - Google Accounts&gt;" type="org.junit.ComparisonFailure"><![CDATA[org.junit.ComparisonFailure: expected:<Sign i[n] - Google Accounts> but was:<Sign i[0] - Google Accounts>
]]></failure>
    <system-out><![CDATA[
Scenario: Get the signin page title                # src/test/resources/parallel/SearchingTheTest2.feature:9
  Given the user is on the yahoo search page       # parallel.LoginandLogout_2StepDefs.the_user_is_on_the_google_search_page()
  When the user Enters the search keyword in       # parallel.LoginandLogout_2StepDefs.the_user_enters_the_search_keyword()
  And the user clicks on the Search page in        # parallel.LoginandLogout_2StepDefs.the_user_clicks_on_the_search_page()
  Then the user clicks on the Signing button in    # parallel.LoginandLogout_2StepDefs.the_user_clicks_on_the_signing_button()
  Then the user validates the Title of the page in # parallel.LoginandLogout_2StepDefs.the_user_validates_the_title_of_the_page()
      org.junit.ComparisonFailure: expected:<Sign i[n] - Google Accounts> but was:<Sign i[0] - Google Accounts>
	at org.junit.Assert.assertEquals(Assert.java:117)
	at org.junit.Assert.assertEquals(Assert.java:146)
	at parallel.LoginandLogout_2StepDefs.the_user_validates_the_title_of_the_page(LoginandLogout_2StepDefs.java:49)
	at âœ½.the user validates the Title of the page in(file:///C:/Users/625730/Eclipse/BDD/Practice4Automation_Cucumber/src/test/resources/parallel/SearchingTheTest2.feature:14)

]]></system-out>
    <system-err><![CDATA[Starting ChromeDriver 86.0.4240.22 (398b0743353ff36fb1b82468f63a3a93b4e2e89e-refs/branch-heads/4240@{#378}) on port 23402
Only local connections are allowed.
Please see https://chromedriver.chromium.org/security-considerations for suggestions on keeping ChromeDriver safe.
ChromeDriver was started successfully.
Mar 03, 2021 8:00:51 PM org.openqa.selenium.remote.ProtocolHandshake createSession
INFO: Detected dialect: W3C
]]></system-err>
  </testcase>
</testsuite>