<?xml version="1.0" encoding="UTF-8"?>
<testng-results ignored="0" total="4" passed="3" failed="1" skipped="0">
  <reporter-output>
  </reporter-output>
  <suite started-at="2021-03-07T13:36:09 IST" name="Suite" finished-at="2021-03-07T13:37:22 IST" duration-ms="73668">
    <groups>
      <group name="cucumber">
        <method signature="AbstractTestNGCucumberTests.runScenario(io.cucumber.testng.PickleWrapper, io.cucumber.testng.FeatureWrapper)[pri:0, instance:parallel.RunCucumberTest@7fee8714]" name="runScenario" class="io.cucumber.testng.AbstractTestNGCucumberTests"/>
      </group> <!-- cucumber -->
    </groups>
    <test started-at="2021-03-07T13:36:09 IST" name="Test" finished-at="2021-03-07T13:37:22 IST" duration-ms="73668">
      <class name="parallel.RunCucumberTest">
        <test-method is-config="true" signature="setUpClass()[pri:0, instance:parallel.RunCucumberTest@7fee8714]" started-at="2021-03-07T13:36:09 IST" name="setUpClass" finished-at="2021-03-07T13:36:10 IST" duration-ms="1346" status="PASS">
          <reporter-output>
          </reporter-output>
        </test-method> <!-- setUpClass -->
        <test-method signature="runScenario(io.cucumber.testng.PickleWrapper, io.cucumber.testng.FeatureWrapper)[pri:0, instance:parallel.RunCucumberTest@7fee8714]" started-at="2021-03-07T13:36:10 IST" name="runScenario" description="Runs Cucumber Scenarios" data-provider="scenarios" finished-at="2021-03-07T13:37:09 IST" duration-ms="59416" status="FAIL">
          <params>
            <param index="0">
              <value>
                <![CDATA["Validation of Title of the page"]]>
              </value>
            </param>
            <param index="1">
              <value>
                <![CDATA["Optional[Search Feature point two]"]]>
              </value>
            </param>
          </params>
          <exception class="org.junit.ComparisonFailure">
            <message>
              <![CDATA[expected:<Sign i[n] - Google Accounts> but was:<Sign i[0] - Google Accounts>]]>
            </message>
            <full-stacktrace>
              <![CDATA[org.junit.ComparisonFailure: expected:<Sign i[n] - Google Accounts> but was:<Sign i[0] - Google Accounts>
at org.junit.Assert.assertEquals(Assert.java:117)
at org.junit.Assert.assertEquals(Assert.java:146)
at parallel.LoginandLogout_2StepDefs.the_user_validates_the_title_of_the_page(LoginandLogout_2StepDefs.java:64)
at ✽.the user validates the Title of the page in(file:///C:/Users/Dines/EcliWrkSp/New/Practice4Automation_Cucumber/src/test/resources/parallel/SearchingTheTest2.feature:14)
]]>
            </full-stacktrace>
          </exception> <!-- org.junit.ComparisonFailure -->
          <reporter-output>
          </reporter-output>
        </test-method> <!-- runScenario -->
        <test-method signature="runScenario(io.cucumber.testng.PickleWrapper, io.cucumber.testng.FeatureWrapper)[pri:0, instance:parallel.RunCucumberTest@7fee8714]" started-at="2021-03-07T13:36:10 IST" name="runScenario" description="Runs Cucumber Scenarios" data-provider="scenarios" finished-at="2021-03-07T13:37:15 IST" duration-ms="65348" status="PASS">
          <params>
            <param index="0">
              <value>
                <![CDATA["Validate the Title at Google page"]]>
              </value>
            </param>
            <param index="1">
              <value>
                <![CDATA["Optional[Search Feature point one]"]]>
              </value>
            </param>
          </params>
          <reporter-output>
          </reporter-output>
        </test-method> <!-- runScenario -->
        <test-method signature="runScenario(io.cucumber.testng.PickleWrapper, io.cucumber.testng.FeatureWrapper)[pri:0, instance:parallel.RunCucumberTest@7fee8714]" started-at="2021-03-07T13:36:10 IST" name="runScenario" description="Runs Cucumber Scenarios" data-provider="scenarios" finished-at="2021-03-07T13:37:18 IST" duration-ms="68330" status="PASS">
          <params>
            <param index="0">
              <value>
                <![CDATA["Validation of Signin button"]]>
              </value>
            </param>
            <param index="1">
              <value>
                <![CDATA["Optional[Search Feature point two]"]]>
              </value>
            </param>
          </params>
          <reporter-output>
          </reporter-output>
        </test-method> <!-- runScenario -->
        <test-method signature="runScenario(io.cucumber.testng.PickleWrapper, io.cucumber.testng.FeatureWrapper)[pri:0, instance:parallel.RunCucumberTest@7fee8714]" started-at="2021-03-07T13:36:10 IST" name="runScenario" description="Runs Cucumber Scenarios" data-provider="scenarios" finished-at="2021-03-07T13:37:18 IST" duration-ms="68299" status="PASS">
          <params>
            <param index="0">
              <value>
                <![CDATA["Validate the Signing button at Google page"]]>
              </value>
            </param>
            <param index="1">
              <value>
                <![CDATA["Optional[Search Feature point one]"]]>
              </value>
            </param>
          </params>
          <reporter-output>
          </reporter-output>
        </test-method> <!-- runScenario -->
        <test-method is-config="true" signature="tearDownClass()[pri:0, instance:parallel.RunCucumberTest@7fee8714]" started-at="2021-03-07T13:37:18 IST" name="tearDownClass" finished-at="2021-03-07T13:37:22 IST" duration-ms="3878" status="PASS">
          <reporter-output>
          </reporter-output>
        </test-method> <!-- tearDownClass -->
      </class> <!-- parallel.RunCucumberTest -->
    </test> <!-- Test -->
  </suite> <!-- Suite -->
</testng-results>
